<?xml version="1.0" encoding="UTF-8"?>
<!-- Generated by org.testng.reporters.JUnitReportReporter -->
<testsuite skipped="0" hostname="DLDB0016" name="BingTranslator_WithTestNG.TranslatorTestNG" tests="2" failures="0" timestamp="27 Jun 2018 06:23:10 GMT" time="9.886" errors="0">
  <testcase name="test03" time="0.110" classname="BingTranslator_WithTestNG.TranslatorTestNG"/>
  <testcase name="test02" time="9.776" classname="BingTranslator_WithTestNG.TranslatorTestNG"/>
</testsuite> <!-- BingTranslator_WithTestNG.TranslatorTestNG -->
